<?xml version="1.0" encoding="UTF-8"?>
<!-- Generated by org.testng.reporters.JUnitReportReporter -->
<testsuite hostname="I18072" failures="0" tests="1" name="com.idrx.qa.testcases.LoginPageTest" time="32.087" errors="0" timestamp="2025-05-09T09:06:23 IST" skipped="0">
  <testcase classname="com.idrx.qa.testcases.LoginPageTest" name="loginTest" time="32.087"/>
</testsuite> <!-- com.idrx.qa.testcases.LoginPageTest -->
