<?xml version="1.0" encoding="UTF-8"?>
<testsuite xmlns:xsi="http://www.w3.org/2001/XMLSchema-instance" xsi:noNamespaceSchemaLocation="https://maven.apache.org/surefire/maven-surefire-plugin/xsd/surefire-test-report.xsd" version="3.0.1" name="com.idrx.qa.testcases.ServiceUnitsTest" time="32.342" tests="6" errors="0" skipped="0" failures="0">
  <properties>
    <property name="java.specification.version" value="21"/>
    <property name="sun.cpu.isalist" value="amd64"/>
    <property name="sun.jnu.encoding" value="Cp1252"/>
    <property name="java.class.path" value="C:\Users\ganapathy.r\Idearx_Automation_Updated\Clarix - Updated\IdrxTest\target\test-classes;C:\Users\ganapathy.r\Idearx_Automation_Updated\Clarix - Updated\IdrxTest\target\classes;C:\Users\ganapathy.r\.m2\repository\org\seleniumhq\selenium\selenium-java\4.32.0\selenium-java-4.32.0.jar;C:\Users\ganapathy.r\.m2\repository\org\seleniumhq\selenium\selenium-api\4.32.0\selenium-api-4.32.0.jar;C:\Users\ganapathy.r\.m2\repository\org\jspecify\jspecify\1.0.0\jspecify-1.0.0.jar;C:\Users\ganapathy.r\.m2\repository\org\seleniumhq\selenium\selenium-chrome-driver\4.32.0\selenium-chrome-driver-4.32.0.jar;C:\Users\ganapathy.r\.m2\repository\com\google\auto\service\auto-service-annotations\1.1.1\auto-service-annotations-1.1.1.jar;C:\Users\ganapathy.r\.m2\repository\org\seleniumhq\selenium\selenium-chromium-driver\4.32.0\selenium-chromium-driver-4.32.0.jar;C:\Users\ganapathy.r\.m2\repository\org\seleniumhq\selenium\selenium-json\4.32.0\selenium-json-4.32.0.jar;C:\Users\ganapathy.r\.m2\repository\org\seleniumhq\selenium\selenium-manager\4.32.0\selenium-manager-4.32.0.jar;C:\Users\ganapathy.r\.m2\repository\org\seleniumhq\selenium\selenium-devtools-v134\4.32.0\selenium-devtools-v134-4.32.0.jar;C:\Users\ganapathy.r\.m2\repository\org\seleniumhq\selenium\selenium-devtools-v135\4.32.0\selenium-devtools-v135-4.32.0.jar;C:\Users\ganapathy.r\.m2\repository\org\seleniumhq\selenium\selenium-devtools-v136\4.32.0\selenium-devtools-v136-4.32.0.jar;C:\Users\ganapathy.r\.m2\repository\org\seleniumhq\selenium\selenium-edge-driver\4.32.0\selenium-edge-driver-4.32.0.jar;C:\Users\ganapathy.r\.m2\repository\org\seleniumhq\selenium\selenium-firefox-driver\4.32.0\selenium-firefox-driver-4.32.0.jar;C:\Users\ganapathy.r\.m2\repository\org\seleniumhq\selenium\selenium-http\4.32.0\selenium-http-4.32.0.jar;C:\Users\ganapathy.r\.m2\repository\org\seleniumhq\selenium\selenium-ie-driver\4.32.0\selenium-ie-driver-4.32.0.jar;C:\Users\ganapathy.r\.m2\repository\org\seleniumhq\selenium\selenium-remote-driver\4.32.0\selenium-remote-driver-4.32.0.jar;C:\Users\ganapathy.r\.m2\repository\io\opentelemetry\opentelemetry-api\1.49.0\opentelemetry-api-1.49.0.jar;C:\Users\ganapathy.r\.m2\repository\io\opentelemetry\opentelemetry-context\1.49.0\opentelemetry-context-1.49.0.jar;C:\Users\ganapathy.r\.m2\repository\io\opentelemetry\opentelemetry-exporter-logging\1.49.0\opentelemetry-exporter-logging-1.49.0.jar;C:\Users\ganapathy.r\.m2\repository\io\opentelemetry\opentelemetry-sdk-common\1.49.0\opentelemetry-sdk-common-1.49.0.jar;C:\Users\ganapathy.r\.m2\repository\io\opentelemetry\opentelemetry-sdk-extension-autoconfigure-spi\1.49.0\opentelemetry-sdk-extension-autoconfigure-spi-1.49.0.jar;C:\Users\ganapathy.r\.m2\repository\io\opentelemetry\opentelemetry-sdk-extension-autoconfigure\1.49.0\opentelemetry-sdk-extension-autoconfigure-1.49.0.jar;C:\Users\ganapathy.r\.m2\repository\io\opentelemetry\opentelemetry-sdk-trace\1.49.0\opentelemetry-sdk-trace-1.49.0.jar;C:\Users\ganapathy.r\.m2\repository\io\opentelemetry\opentelemetry-sdk\1.49.0\opentelemetry-sdk-1.49.0.jar;C:\Users\ganapathy.r\.m2\repository\io\opentelemetry\opentelemetry-sdk-metrics\1.49.0\opentelemetry-sdk-metrics-1.49.0.jar;C:\Users\ganapathy.r\.m2\repository\io\opentelemetry\opentelemetry-sdk-logs\1.49.0\opentelemetry-sdk-logs-1.49.0.jar;C:\Users\ganapathy.r\.m2\repository\org\seleniumhq\selenium\selenium-os\4.32.0\selenium-os-4.32.0.jar;C:\Users\ganapathy.r\.m2\repository\org\apache\commons\commons-exec\1.4.0\commons-exec-1.4.0.jar;C:\Users\ganapathy.r\.m2\repository\org\seleniumhq\selenium\selenium-safari-driver\4.32.0\selenium-safari-driver-4.32.0.jar;C:\Users\ganapathy.r\.m2\repository\org\seleniumhq\selenium\selenium-support\4.32.0\selenium-support-4.32.0.jar;C:\Users\ganapathy.r\.m2\repository\org\testng\testng\7.8.0\testng-7.8.0.jar;C:\Users\ganapathy.r\.m2\repository\org\slf4j\slf4j-api\1.7.36\slf4j-api-1.7.36.jar;C:\Users\ganapathy.r\.m2\repository\com\beust\jcommander\1.82\jcommander-1.82.jar;C:\Users\ganapathy.r\.m2\repository\org\webjars\jquery\3.6.1\jquery-3.6.1.jar;C:\Users\ganapathy.r\.m2\repository\org\apache\poi\poi\3.11\poi-3.11.jar;C:\Users\ganapathy.r\.m2\repository\commons-codec\commons-codec\1.9\commons-codec-1.9.jar;C:\Users\ganapathy.r\.m2\repository\org\apache\poi\poi-ooxml-schemas\4.1.2\poi-ooxml-schemas-4.1.2.jar;C:\Users\ganapathy.r\.m2\repository\org\apache\xmlbeans\xmlbeans\3.1.0\xmlbeans-3.1.0.jar;C:\Users\ganapathy.r\.m2\repository\org\apache\poi\poi-ooxml\3.11\poi-ooxml-3.11.jar;C:\Users\ganapathy.r\.m2\repository\commons-io\commons-io\2.19.0\commons-io-2.19.0.jar;C:\Users\ganapathy.r\.m2\repository\org\apache\commons\commons-collections4\4.4\commons-collections4-4.4.jar;C:\Users\ganapathy.r\.m2\repository\org\apache\poi\openxml4j\1.0-beta\openxml4j-1.0-beta.jar;C:\Users\ganapathy.r\.m2\repository\dom4j\dom4j\1.6.1\dom4j-1.6.1.jar;C:\Users\ganapathy.r\.m2\repository\xml-apis\xml-apis\1.0.b2\xml-apis-1.0.b2.jar;C:\Users\ganapathy.r\.m2\repository\log4j\log4j\1.2.8\log4j-1.2.8.jar;C:\Users\ganapathy.r\.m2\repository\org\apache\poi\poi-scratchpad\5.4.1\poi-scratchpad-5.4.1.jar;C:\Users\ganapathy.r\.m2\repository\org\apache\commons\commons-math3\3.6.1\commons-math3-3.6.1.jar;C:\Users\ganapathy.r\.m2\repository\org\apache\logging\log4j\log4j-core\2.24.3\log4j-core-2.24.3.jar;C:\Users\ganapathy.r\.m2\repository\org\apache\logging\log4j\log4j-api\2.24.3\log4j-api-2.24.3.jar;C:\Users\ganapathy.r\.m2\repository\com\relevantcodes\extentreports\2.41.2\extentreports-2.41.2.jar;C:\Users\ganapathy.r\.m2\repository\org\jsoup\jsoup\1.8.3\jsoup-1.8.3.jar;C:\Users\ganapathy.r\.m2\repository\org\xerial\sqlite-jdbc\3.8.11.1\sqlite-jdbc-3.8.11.1.jar;C:\Users\ganapathy.r\.m2\repository\org\freemarker\freemarker\2.3.23\freemarker-2.3.23.jar;C:\Users\ganapathy.r\.m2\repository\org\mongodb\mongodb-driver\3.0.4\mongodb-driver-3.0.4.jar;C:\Users\ganapathy.r\.m2\repository\org\mongodb\bson\3.0.4\bson-3.0.4.jar;C:\Users\ganapathy.r\.m2\repository\org\mongodb\mongodb-driver-core\3.0.4\mongodb-driver-core-3.0.4.jar;C:\Users\ganapathy.r\.m2\repository\com\aventstack\extentreports\5.0.9\extentreports-5.0.9.jar;C:\Users\ganapathy.r\.m2\repository\io\reactivex\rxjava3\rxjava\3.0.4\rxjava-3.0.4.jar;C:\Users\ganapathy.r\.m2\repository\org\reactivestreams\reactive-streams\1.0.3\reactive-streams-1.0.3.jar;C:\Users\ganapathy.r\.m2\repository\com\google\code\gson\gson\2.8.6\gson-2.8.6.jar;C:\Users\ganapathy.r\.m2\repository\org\projectlombok\lombok\1.18.32\lombok-1.18.32.jar;C:\Users\ganapathy.r\.m2\repository\com\mysql\mysql-connector-j\8.0.33\mysql-connector-j-8.0.33.jar;C:\Users\ganapathy.r\.m2\repository\com\google\protobuf\protobuf-java\3.21.9\protobuf-java-3.21.9.jar;C:\Users\ganapathy.r\.m2\repository\com\fasterxml\jackson\core\jackson-databind\2.17.0\jackson-databind-2.17.0.jar;C:\Users\ganapathy.r\.m2\repository\com\fasterxml\jackson\core\jackson-annotations\2.17.0\jackson-annotations-2.17.0.jar;C:\Users\ganapathy.r\.m2\repository\com\fasterxml\jackson\core\jackson-core\2.17.0\jackson-core-2.17.0.jar;C:\Users\ganapathy.r\.m2\repository\net\bytebuddy\byte-buddy\1.14.9\byte-buddy-1.14.9.jar;C:\Users\ganapathy.r\.m2\repository\org\postgresql\postgresql\42.7.3\postgresql-42.7.3.jar;C:\Users\ganapathy.r\.m2\repository\org\checkerframework\checker-qual\3.42.0\checker-qual-3.42.0.jar;C:\Users\ganapathy.r\.m2\repository\com\google\apis\google-api-services-sheets\v4-rev20220927-2.0.0\google-api-services-sheets-v4-rev20220927-2.0.0.jar;C:\Users\ganapathy.r\.m2\repository\com\google\api-client\google-api-client\2.2.0\google-api-client-2.2.0.jar;C:\Users\ganapathy.r\.m2\repository\com\google\http-client\google-http-client-gson\1.42.3\google-http-client-gson-1.42.3.jar;C:\Users\ganapathy.r\.m2\repository\com\google\guava\guava\31.1-jre\guava-31.1-jre.jar;C:\Users\ganapathy.r\.m2\repository\com\google\guava\failureaccess\1.0.1\failureaccess-1.0.1.jar;C:\Users\ganapathy.r\.m2\repository\com\google\guava\listenablefuture\9999.0-empty-to-avoid-conflict-with-guava\listenablefuture-9999.0-empty-to-avoid-conflict-with-guava.jar;C:\Users\ganapathy.r\.m2\repository\com\google\errorprone\error_prone_annotations\2.11.0\error_prone_annotations-2.11.0.jar;C:\Users\ganapathy.r\.m2\repository\com\google\j2objc\j2objc-annotations\1.3\j2objc-annotations-1.3.jar;C:\Users\ganapathy.r\.m2\repository\com\google\http-client\google-http-client-apache-v2\1.42.3\google-http-client-apache-v2-1.42.3.jar;C:\Users\ganapathy.r\.m2\repository\org\apache\httpcomponents\httpcore\4.4.16\httpcore-4.4.16.jar;C:\Users\ganapathy.r\.m2\repository\org\apache\httpcomponents\httpclient\4.5.14\httpclient-4.5.14.jar;C:\Users\ganapathy.r\.m2\repository\commons-logging\commons-logging\1.2\commons-logging-1.2.jar;C:\Users\ganapathy.r\.m2\repository\com\google\http-client\google-http-client\1.42.3\google-http-client-1.42.3.jar;C:\Users\ganapathy.r\.m2\repository\io\opencensus\opencensus-api\0.31.1\opencensus-api-0.31.1.jar;C:\Users\ganapathy.r\.m2\repository\io\grpc\grpc-context\1.27.2\grpc-context-1.27.2.jar;C:\Users\ganapathy.r\.m2\repository\io\opencensus\opencensus-contrib-http-util\0.31.1\opencensus-contrib-http-util-0.31.1.jar;C:\Users\ganapathy.r\.m2\repository\com\google\oauth-client\google-oauth-client\1.34.1\google-oauth-client-1.34.1.jar;C:\Users\ganapathy.r\.m2\repository\com\google\http-client\google-http-client-jackson2\1.42.3\google-http-client-jackson2-1.42.3.jar;C:\Users\ganapathy.r\.m2\repository\com\google\auth\google-auth-library-oauth2-http\1.11.0\google-auth-library-oauth2-http-1.11.0.jar;C:\Users\ganapathy.r\.m2\repository\com\google\auto\value\auto-value-annotations\1.9\auto-value-annotations-1.9.jar;C:\Users\ganapathy.r\.m2\repository\com\google\code\findbugs\jsr305\3.0.2\jsr305-3.0.2.jar;C:\Users\ganapathy.r\.m2\repository\com\google\auth\google-auth-library-credentials\1.11.0\google-auth-library-credentials-1.11.0.jar;"/>
    <property name="java.vm.vendor" value="Oracle Corporation"/>
    <property name="sun.arch.data.model" value="64"/>
    <property name="user.variant" value=""/>
    <property name="java.vendor.url" value="https://java.oracle.com/"/>
    <property name="user.timezone" value="Asia/Calcutta"/>
    <property name="os.name" value="Windows 11"/>
    <property name="java.vm.specification.version" value="21"/>
    <property name="sun.java.launcher" value="SUN_STANDARD"/>
    <property name="user.country" value="US"/>
    <property name="sun.boot.library.path" value="C:\Program Files\Java\jdk-21\bin"/>
    <property name="sun.java.command" value="C:\Users\ganapathy.r\AppData\Local\Temp\surefire11420694767970077509\surefirebooter-20250613152352152_3.jar C:\Users\ganapathy.r\AppData\Local\Temp\surefire11420694767970077509 2025-06-13T15-23-51_879-jvmRun1 surefire-20250613152352152_1tmp surefire_0-20250613152352152_2tmp"/>
    <property name="jdk.debug" value="release"/>
    <property name="test" value="com.idrx.qa.testcases.ServiceUnitsTest"/>
    <property name="surefire.test.class.path" value="C:\Users\ganapathy.r\Idearx_Automation_Updated\Clarix - Updated\IdrxTest\target\test-classes;C:\Users\ganapathy.r\Idearx_Automation_Updated\Clarix - Updated\IdrxTest\target\classes;C:\Users\ganapathy.r\.m2\repository\org\seleniumhq\selenium\selenium-java\4.32.0\selenium-java-4.32.0.jar;C:\Users\ganapathy.r\.m2\repository\org\seleniumhq\selenium\selenium-api\4.32.0\selenium-api-4.32.0.jar;C:\Users\ganapathy.r\.m2\repository\org\jspecify\jspecify\1.0.0\jspecify-1.0.0.jar;C:\Users\ganapathy.r\.m2\repository\org\seleniumhq\selenium\selenium-chrome-driver\4.32.0\selenium-chrome-driver-4.32.0.jar;C:\Users\ganapathy.r\.m2\repository\com\google\auto\service\auto-service-annotations\1.1.1\auto-service-annotations-1.1.1.jar;C:\Users\ganapathy.r\.m2\repository\org\seleniumhq\selenium\selenium-chromium-driver\4.32.0\selenium-chromium-driver-4.32.0.jar;C:\Users\ganapathy.r\.m2\repository\org\seleniumhq\selenium\selenium-json\4.32.0\selenium-json-4.32.0.jar;C:\Users\ganapathy.r\.m2\repository\org\seleniumhq\selenium\selenium-manager\4.32.0\selenium-manager-4.32.0.jar;C:\Users\ganapathy.r\.m2\repository\org\seleniumhq\selenium\selenium-devtools-v134\4.32.0\selenium-devtools-v134-4.32.0.jar;C:\Users\ganapathy.r\.m2\repository\org\seleniumhq\selenium\selenium-devtools-v135\4.32.0\selenium-devtools-v135-4.32.0.jar;C:\Users\ganapathy.r\.m2\repository\org\seleniumhq\selenium\selenium-devtools-v136\4.32.0\selenium-devtools-v136-4.32.0.jar;C:\Users\ganapathy.r\.m2\repository\org\seleniumhq\selenium\selenium-edge-driver\4.32.0\selenium-edge-driver-4.32.0.jar;C:\Users\ganapathy.r\.m2\repository\org\seleniumhq\selenium\selenium-firefox-driver\4.32.0\selenium-firefox-driver-4.32.0.jar;C:\Users\ganapathy.r\.m2\repository\org\seleniumhq\selenium\selenium-http\4.32.0\selenium-http-4.32.0.jar;C:\Users\ganapathy.r\.m2\repository\org\seleniumhq\selenium\selenium-ie-driver\4.32.0\selenium-ie-driver-4.32.0.jar;C:\Users\ganapathy.r\.m2\repository\org\seleniumhq\selenium\selenium-remote-driver\4.32.0\selenium-remote-driver-4.32.0.jar;C:\Users\ganapathy.r\.m2\repository\io\opentelemetry\opentelemetry-api\1.49.0\opentelemetry-api-1.49.0.jar;C:\Users\ganapathy.r\.m2\repository\io\opentelemetry\opentelemetry-context\1.49.0\opentelemetry-context-1.49.0.jar;C:\Users\ganapathy.r\.m2\repository\io\opentelemetry\opentelemetry-exporter-logging\1.49.0\opentelemetry-exporter-logging-1.49.0.jar;C:\Users\ganapathy.r\.m2\repository\io\opentelemetry\opentelemetry-sdk-common\1.49.0\opentelemetry-sdk-common-1.49.0.jar;C:\Users\ganapathy.r\.m2\repository\io\opentelemetry\opentelemetry-sdk-extension-autoconfigure-spi\1.49.0\opentelemetry-sdk-extension-autoconfigure-spi-1.49.0.jar;C:\Users\ganapathy.r\.m2\repository\io\opentelemetry\opentelemetry-sdk-extension-autoconfigure\1.49.0\opentelemetry-sdk-extension-autoconfigure-1.49.0.jar;C:\Users\ganapathy.r\.m2\repository\io\opentelemetry\opentelemetry-sdk-trace\1.49.0\opentelemetry-sdk-trace-1.49.0.jar;C:\Users\ganapathy.r\.m2\repository\io\opentelemetry\opentelemetry-sdk\1.49.0\opentelemetry-sdk-1.49.0.jar;C:\Users\ganapathy.r\.m2\repository\io\opentelemetry\opentelemetry-sdk-metrics\1.49.0\opentelemetry-sdk-metrics-1.49.0.jar;C:\Users\ganapathy.r\.m2\repository\io\opentelemetry\opentelemetry-sdk-logs\1.49.0\opentelemetry-sdk-logs-1.49.0.jar;C:\Users\ganapathy.r\.m2\repository\org\seleniumhq\selenium\selenium-os\4.32.0\selenium-os-4.32.0.jar;C:\Users\ganapathy.r\.m2\repository\org\apache\commons\commons-exec\1.4.0\commons-exec-1.4.0.jar;C:\Users\ganapathy.r\.m2\repository\org\seleniumhq\selenium\selenium-safari-driver\4.32.0\selenium-safari-driver-4.32.0.jar;C:\Users\ganapathy.r\.m2\repository\org\seleniumhq\selenium\selenium-support\4.32.0\selenium-support-4.32.0.jar;C:\Users\ganapathy.r\.m2\repository\org\testng\testng\7.8.0\testng-7.8.0.jar;C:\Users\ganapathy.r\.m2\repository\org\slf4j\slf4j-api\1.7.36\slf4j-api-1.7.36.jar;C:\Users\ganapathy.r\.m2\repository\com\beust\jcommander\1.82\jcommander-1.82.jar;C:\Users\ganapathy.r\.m2\repository\org\webjars\jquery\3.6.1\jquery-3.6.1.jar;C:\Users\ganapathy.r\.m2\repository\org\apache\poi\poi\3.11\poi-3.11.jar;C:\Users\ganapathy.r\.m2\repository\commons-codec\commons-codec\1.9\commons-codec-1.9.jar;C:\Users\ganapathy.r\.m2\repository\org\apache\poi\poi-ooxml-schemas\4.1.2\poi-ooxml-schemas-4.1.2.jar;C:\Users\ganapathy.r\.m2\repository\org\apache\xmlbeans\xmlbeans\3.1.0\xmlbeans-3.1.0.jar;C:\Users\ganapathy.r\.m2\repository\org\apache\poi\poi-ooxml\3.11\poi-ooxml-3.11.jar;C:\Users\ganapathy.r\.m2\repository\commons-io\commons-io\2.19.0\commons-io-2.19.0.jar;C:\Users\ganapathy.r\.m2\repository\org\apache\commons\commons-collections4\4.4\commons-collections4-4.4.jar;C:\Users\ganapathy.r\.m2\repository\org\apache\poi\openxml4j\1.0-beta\openxml4j-1.0-beta.jar;C:\Users\ganapathy.r\.m2\repository\dom4j\dom4j\1.6.1\dom4j-1.6.1.jar;C:\Users\ganapathy.r\.m2\repository\xml-apis\xml-apis\1.0.b2\xml-apis-1.0.b2.jar;C:\Users\ganapathy.r\.m2\repository\log4j\log4j\1.2.8\log4j-1.2.8.jar;C:\Users\ganapathy.r\.m2\repository\org\apache\poi\poi-scratchpad\5.4.1\poi-scratchpad-5.4.1.jar;C:\Users\ganapathy.r\.m2\repository\org\apache\commons\commons-math3\3.6.1\commons-math3-3.6.1.jar;C:\Users\ganapathy.r\.m2\repository\org\apache\logging\log4j\log4j-core\2.24.3\log4j-core-2.24.3.jar;C:\Users\ganapathy.r\.m2\repository\org\apache\logging\log4j\log4j-api\2.24.3\log4j-api-2.24.3.jar;C:\Users\ganapathy.r\.m2\repository\com\relevantcodes\extentreports\2.41.2\extentreports-2.41.2.jar;C:\Users\ganapathy.r\.m2\repository\org\jsoup\jsoup\1.8.3\jsoup-1.8.3.jar;C:\Users\ganapathy.r\.m2\repository\org\xerial\sqlite-jdbc\3.8.11.1\sqlite-jdbc-3.8.11.1.jar;C:\Users\ganapathy.r\.m2\repository\org\freemarker\freemarker\2.3.23\freemarker-2.3.23.jar;C:\Users\ganapathy.r\.m2\repository\org\mongodb\mongodb-driver\3.0.4\mongodb-driver-3.0.4.jar;C:\Users\ganapathy.r\.m2\repository\org\mongodb\bson\3.0.4\bson-3.0.4.jar;C:\Users\ganapathy.r\.m2\repository\org\mongodb\mongodb-driver-core\3.0.4\mongodb-driver-core-3.0.4.jar;C:\Users\ganapathy.r\.m2\repository\com\aventstack\extentreports\5.0.9\extentreports-5.0.9.jar;C:\Users\ganapathy.r\.m2\repository\io\reactivex\rxjava3\rxjava\3.0.4\rxjava-3.0.4.jar;C:\Users\ganapathy.r\.m2\repository\org\reactivestreams\reactive-streams\1.0.3\reactive-streams-1.0.3.jar;C:\Users\ganapathy.r\.m2\repository\com\google\code\gson\gson\2.8.6\gson-2.8.6.jar;C:\Users\ganapathy.r\.m2\repository\org\projectlombok\lombok\1.18.32\lombok-1.18.32.jar;C:\Users\ganapathy.r\.m2\repository\com\mysql\mysql-connector-j\8.0.33\mysql-connector-j-8.0.33.jar;C:\Users\ganapathy.r\.m2\repository\com\google\protobuf\protobuf-java\3.21.9\protobuf-java-3.21.9.jar;C:\Users\ganapathy.r\.m2\repository\com\fasterxml\jackson\core\jackson-databind\2.17.0\jackson-databind-2.17.0.jar;C:\Users\ganapathy.r\.m2\repository\com\fasterxml\jackson\core\jackson-annotations\2.17.0\jackson-annotations-2.17.0.jar;C:\Users\ganapathy.r\.m2\repository\com\fasterxml\jackson\core\jackson-core\2.17.0\jackson-core-2.17.0.jar;C:\Users\ganapathy.r\.m2\repository\net\bytebuddy\byte-buddy\1.14.9\byte-buddy-1.14.9.jar;C:\Users\ganapathy.r\.m2\repository\org\postgresql\postgresql\42.7.3\postgresql-42.7.3.jar;C:\Users\ganapathy.r\.m2\repository\org\checkerframework\checker-qual\3.42.0\checker-qual-3.42.0.jar;C:\Users\ganapathy.r\.m2\repository\com\google\apis\google-api-services-sheets\v4-rev20220927-2.0.0\google-api-services-sheets-v4-rev20220927-2.0.0.jar;C:\Users\ganapathy.r\.m2\repository\com\google\api-client\google-api-client\2.2.0\google-api-client-2.2.0.jar;C:\Users\ganapathy.r\.m2\repository\com\google\http-client\google-http-client-gson\1.42.3\google-http-client-gson-1.42.3.jar;C:\Users\ganapathy.r\.m2\repository\com\google\guava\guava\31.1-jre\guava-31.1-jre.jar;C:\Users\ganapathy.r\.m2\repository\com\google\guava\failureaccess\1.0.1\failureaccess-1.0.1.jar;C:\Users\ganapathy.r\.m2\repository\com\google\guava\listenablefuture\9999.0-empty-to-avoid-conflict-with-guava\listenablefuture-9999.0-empty-to-avoid-conflict-with-guava.jar;C:\Users\ganapathy.r\.m2\repository\com\google\errorprone\error_prone_annotations\2.11.0\error_prone_annotations-2.11.0.jar;C:\Users\ganapathy.r\.m2\repository\com\google\j2objc\j2objc-annotations\1.3\j2objc-annotations-1.3.jar;C:\Users\ganapathy.r\.m2\repository\com\google\http-client\google-http-client-apache-v2\1.42.3\google-http-client-apache-v2-1.42.3.jar;C:\Users\ganapathy.r\.m2\repository\org\apache\httpcomponents\httpcore\4.4.16\httpcore-4.4.16.jar;C:\Users\ganapathy.r\.m2\repository\org\apache\httpcomponents\httpclient\4.5.14\httpclient-4.5.14.jar;C:\Users\ganapathy.r\.m2\repository\commons-logging\commons-logging\1.2\commons-logging-1.2.jar;C:\Users\ganapathy.r\.m2\repository\com\google\http-client\google-http-client\1.42.3\google-http-client-1.42.3.jar;C:\Users\ganapathy.r\.m2\repository\io\opencensus\opencensus-api\0.31.1\opencensus-api-0.31.1.jar;C:\Users\ganapathy.r\.m2\repository\io\grpc\grpc-context\1.27.2\grpc-context-1.27.2.jar;C:\Users\ganapathy.r\.m2\repository\io\opencensus\opencensus-contrib-http-util\0.31.1\opencensus-contrib-http-util-0.31.1.jar;C:\Users\ganapathy.r\.m2\repository\com\google\oauth-client\google-oauth-client\1.34.1\google-oauth-client-1.34.1.jar;C:\Users\ganapathy.r\.m2\repository\com\google\http-client\google-http-client-jackson2\1.42.3\google-http-client-jackson2-1.42.3.jar;C:\Users\ganapathy.r\.m2\repository\com\google\auth\google-auth-library-oauth2-http\1.11.0\google-auth-library-oauth2-http-1.11.0.jar;C:\Users\ganapathy.r\.m2\repository\com\google\auto\value\auto-value-annotations\1.9\auto-value-annotations-1.9.jar;C:\Users\ganapathy.r\.m2\repository\com\google\code\findbugs\jsr305\3.0.2\jsr305-3.0.2.jar;C:\Users\ganapathy.r\.m2\repository\com\google\auth\google-auth-library-credentials\1.11.0\google-auth-library-credentials-1.11.0.jar;"/>
    <property name="sun.cpu.endian" value="little"/>
    <property name="user.home" value="C:\Users\ganapathy.r"/>
    <property name="user.language" value="en"/>
    <property name="java.specification.vendor" value="Oracle Corporation"/>
    <property name="java.version.date" value="2023-09-19"/>
    <property name="java.home" value="C:\Program Files\Java\jdk-21"/>
    <property name="file.separator" value="\"/>
    <property name="basedir" value="C:\Users\ganapathy.r\Idearx_Automation_Updated\Clarix - Updated\IdrxTest"/>
    <property name="java.vm.compressedOopsMode" value="Zero based"/>
    <property name="line.separator" value="&#10;"/>
    <property name="java.vm.specification.vendor" value="Oracle Corporation"/>
    <property name="java.specification.name" value="Java Platform API Specification"/>
    <property name="surefire.real.class.path" value="C:\Users\ganapathy.r\AppData\Local\Temp\surefire11420694767970077509\surefirebooter-20250613152352152_3.jar"/>
    <property name="user.script" value=""/>
    <property name="sun.management.compiler" value="HotSpot 64-Bit Tiered Compilers"/>
    <property name="java.runtime.version" value="21+35-LTS-2513"/>
    <property name="user.name" value="ganapathy.r"/>
    <property name="stdout.encoding" value="Cp1252"/>
    <property name="path.separator" value=";"/>
    <property name="os.version" value="10.0"/>
    <property name="java.runtime.name" value="Java(TM) SE Runtime Environment"/>
    <property name="file.encoding" value="UTF-8"/>
    <property name="java.vm.name" value="Java HotSpot(TM) 64-Bit Server VM"/>
    <property name="localRepository" value="C:\Users\ganapathy.r\.m2\repository"/>
    <property name="java.vendor.url.bug" value="https://bugreport.java.com/bugreport/"/>
    <property name="java.io.tmpdir" value="C:\Users\GANAPA~1.R\AppData\Local\Temp\"/>
    <property name="java.version" value="21"/>
    <property name="user.dir" value="C:\Users\ganapathy.r\Idearx_Automation_Updated\Clarix - Updated\IdrxTest"/>
    <property name="os.arch" value="amd64"/>
    <property name="java.vm.specification.name" value="Java Virtual Machine Specification"/>
    <property name="sun.os.patch.level" value=""/>
    <property name="native.encoding" value="Cp1252"/>
    <property name="java.library.path" value="C:\Program Files\Java\jdk-21\bin;C:\WINDOWS\Sun\Java\bin;C:\WINDOWS\system32;C:\WINDOWS;C:\Program Files\Common Files\Oracle\Java\javapath;C:\WINDOWS\system32;C:\WINDOWS;C:\WINDOWS\System32\Wbem;C:\WINDOWS\System32\WindowsPowerShell\v1.0\;C:\WINDOWS\System32\OpenSSH\;C:\Program Files (x86)\Bitvise SSH Client;C:\Program Files\nodejs\;C:\Users\ganapathy.r\AppData\Local\Programs\Python\Python311\Scripts\;C:\Users\ganapathy.r\AppData\Local\Programs\Python\Python311\;C:\Users\ganapathy.r\.local\bin;C:\Users\ganapathy.r\AppData\Local\Programs\Python\Launcher\;C:\Users\ganapathy.r\AppData\Local\Microsoft\WindowsApps;C:\Users\ganapathy.r\AppData\Local\JetBrains\IntelliJ IDEA Community Edition 2023.2.4\bin;;C:\Users\ganapathy.r\AppData\Local\Programs\Git\cmd;C:\Users\ganapathy.r\AppData\Local\Programs\Microsoft VS Code\bin;C:\Users\ganapathy.r\AppData\Roaming\npm;C:\Users\ganapathy.r\AppData\Local\Programs\cursor\resources\app\bin;C:\Users\ganapathy.r\Apache_Maven\apache-maven-3.9.9\bin;C:\Users\ganapathy.r\AppData\Local\Programs\Tesseract-OCR;;C:\Users\ganapathy.r\AppData\Local\Programs\Ollama;c:\Users\ganapathy.r\.cursor\extensions\ms-python.debugpy-2025.8.0-win32-x64\bundled\scripts\noConfigScripts;."/>
    <property name="java.vm.info" value="mixed mode, sharing"/>
    <property name="stderr.encoding" value="Cp1252"/>
    <property name="java.vendor" value="Oracle Corporation"/>
    <property name="java.vm.version" value="21+35-LTS-2513"/>
    <property name="sun.io.unicode.encoding" value="UnicodeLittle"/>
    <property name="java.class.version" value="65.0"/>
  </properties>
  <testcase name="noOfVehicleInflowTest" classname="com.idrx.qa.testcases.ServiceUnitsTest" time="3.85">
    <system-out><![CDATA[15:23:58 INFO  [main] com.idrx.qa.util.TestUtil - 🌐 Launching URL: https://sks.clarix.in/home
15:23:59 INFO  [main] com.idrx.qa.util.TestUtil - ✅ URL launched successfully
15:23:59 INFO  [main] com.idrx.qa.util.TestUtil - Entering Value in Username Field → 'admin'
15:23:59 INFO  [main] com.idrx.qa.util.TestUtil - ✅ Entered Value successfully in: Username Field
15:23:59 INFO  [main] com.idrx.qa.util.TestUtil - Entering Value in Password Field → 'admin'
15:23:59 INFO  [main] com.idrx.qa.util.TestUtil - ✅ Entered Value successfully in: Password Field
15:23:59 INFO  [main] com.idrx.qa.util.TestUtil - Clicking on: Submit Button
15:24:00 INFO  [main] com.idrx.qa.util.TestUtil - ✅ Clicked successfully on: Submit Button
--------No of Vehicle Inflow--------
Expected Value: 1230
Actual Value: 1230
15:24:22 INFO  [main] com.idrx.qa.util.TestUtil - Asserting values. Expected: [1230], Actual: [1230]
15:24:22 INFO  [main] com.idrx.qa.util.TestUtil - Assertion passed: No of Vehicle Inflow
]]></system-out>
    <system-err><![CDATA[SLF4J: Failed to load class "org.slf4j.impl.StaticLoggerBinder".
SLF4J: Defaulting to no-operation (NOP) logger implementation
SLF4J: See http://www.slf4j.org/codes.html#StaticLoggerBinder for further details.
Jun 13, 2025 3:23:58 PM org.openqa.selenium.devtools.CdpVersionFinder findNearestMatch
WARNING: Unable to find an exact match for CDP version 137, returning the closest version; found: 136; Please update to a Selenium version that supports CDP version 137
]]></system-err>
  </testcase>
  <testcase name="noOfVehicleOutflowTest" classname="com.idrx.qa.testcases.ServiceUnitsTest" time="0.388">
    <system-out><![CDATA[--------No of Vehicle Outflow--------
Expected Value: 1224
Actual Value: 1224
15:24:22 INFO  [main] com.idrx.qa.util.TestUtil - Asserting values. Expected: [1224], Actual: [1224]
15:24:22 INFO  [main] com.idrx.qa.util.TestUtil - Assertion passed: No of Vehicle Outflow
]]></system-out>
  </testcase>
  <testcase name="noOfVehicleInflowYesterdayTest" classname="com.idrx.qa.testcases.ServiceUnitsTest" time="0.475">
    <system-out><![CDATA[--------No Of Vehicle Inflow Yesterday--------
Expected Value: 127
Actual Value: 127
15:24:23 INFO  [main] com.idrx.qa.util.TestUtil - Asserting values. Expected: [127], Actual: [127]
15:24:23 INFO  [main] com.idrx.qa.util.TestUtil - Assertion passed: No Of Vehicle Inflow Yesterday
]]></system-out>
  </testcase>
  <testcase name="noOfVehicleOutflowYesterdayTest" classname="com.idrx.qa.testcases.ServiceUnitsTest" time="0.353">
    <system-out><![CDATA[--------No Of Vehicle Outflow Yesterday--------
Expected Value: 113
Actual Value: 113
15:24:23 INFO  [main] com.idrx.qa.util.TestUtil - Asserting values. Expected: [113], Actual: [113]
15:24:23 INFO  [main] com.idrx.qa.util.TestUtil - Assertion passed: No Of Vehicle Outflow Yesterday
]]></system-out>
  </testcase>
  <testcase name="noOfVehicleOutflowCurrentMonthTest" classname="com.idrx.qa.testcases.ServiceUnitsTest" time="0.333">
    <system-out><![CDATA[--------No Of Vehicle Outflow Current Month--------
Expected Value: 1224
Actual Value: 1224
15:24:24 INFO  [main] com.idrx.qa.util.TestUtil - Asserting values. Expected: [1224], Actual: [1224]
15:24:24 INFO  [main] com.idrx.qa.util.TestUtil - Assertion passed: No Of Vehicle Outflow Current Month
]]></system-out>
  </testcase>
  <testcase name="noOfVehicleOutflowLastMonthTest" classname="com.idrx.qa.testcases.ServiceUnitsTest" time="0.419">
    <system-out><![CDATA[--------No Of Vehicle Outflow Last Month--------
Expected Value: 3267
Actual Value: 3267
15:24:24 INFO  [main] com.idrx.qa.util.TestUtil - Asserting values. Expected: [3267], Actual: [3267]
15:24:24 INFO  [main] com.idrx.qa.util.TestUtil - Assertion passed: No Of Vehicle Outflow Last Month
]]></system-out>
  </testcase>
</testsuite>