<?xml version="1.0" encoding="UTF-8"?>
<!-- Generated by org.testng.reporters.JUnitReportReporter -->
<testsuite hostname="I21097" failures="0" tests="8" name="com.idrx.qa.testcases.RetailPageTest" time="5.043" errors="0" timestamp="2025-06-17T12:25:59 IST" skipped="0">
  <testcase classname="com.idrx.qa.testcases.RetailPageTest" name="vehicleSoldTest" time="2.745"/>
  <testcase classname="com.idrx.qa.testcases.RetailPageTest" name="vehicleSalesTest" time="0.355"/>
  <testcase classname="com.idrx.qa.testcases.RetailPageTest" name="vehicleBookedYesterdayTest" time="0.316"/>
  <testcase classname="com.idrx.qa.testcases.RetailPageTest" name="vehicleInvoicedYesterdayTest" time="0.330"/>
  <testcase classname="com.idrx.qa.testcases.RetailPageTest" name="vehicleInvoicedThisMonthTest" time="0.320"/>
  <testcase classname="com.idrx.qa.testcases.RetailPageTest" name="vehicleInvoicedButNotDeliveredTest" time="0.340"/>
  <testcase classname="com.idrx.qa.testcases.RetailPageTest" name="currentMonthTest" time="0.323"/>
  <testcase classname="com.idrx.qa.testcases.RetailPageTest" name="lastMonthSalesTrendTest" time="0.314"/>
</testsuite> <!-- com.idrx.qa.testcases.RetailPageTest -->
