<?xml version="1.0" encoding="UTF-8"?>
<!-- Generated by org.testng.reporters.JUnitReportReporter -->
<testsuite hostname="I21097" failures="0" tests="6" name="com.idrx.qa.testcases.DeliveryPageTest" time="2.962" errors="0" timestamp="2025-06-17T12:25:59 IST" skipped="0">
  <testcase classname="com.idrx.qa.testcases.DeliveryPageTest" name="deliveryYesterdayTest" time="1.328"/>
  <testcase classname="com.idrx.qa.testcases.DeliveryPageTest" name="deliveryThisMonthTest" time="0.322"/>
  <testcase classname="com.idrx.qa.testcases.DeliveryPageTest" name="deliveryPendingTest" time="0.331"/>
  <testcase classname="com.idrx.qa.testcases.DeliveryPageTest" name="deliveryPreviousMonthTest" time="0.311"/>
  <testcase classname="com.idrx.qa.testcases.DeliveryPageTest" name="deliveryCurrentMonthTest" time="0.337"/>
  <testcase classname="com.idrx.qa.testcases.DeliveryPageTest" name="deliverySalesmanWisePendingTest" time="0.333"/>
</testsuite> <!-- com.idrx.qa.testcases.DeliveryPageTest -->
