<?xml version="1.0" encoding="UTF-8"?>
<!-- Generated by org.testng.reporters.JUnitReportReporter -->
<testsuite hostname="I21097" failures="0" tests="6" name="com.idrx.qa.testcases.BookingsPageTest" time="3.081" errors="0" timestamp="2025-06-17T12:25:59 IST" skipped="0">
  <testcase classname="com.idrx.qa.testcases.BookingsPageTest" name="bookingYesterdayTest" time="1.225"/>
  <testcase classname="com.idrx.qa.testcases.BookingsPageTest" name="bookingThisMonthTest" time="0.342"/>
  <testcase classname="com.idrx.qa.testcases.BookingsPageTest" name="pendingBookingsTest" time="0.377"/>
  <testcase classname="com.idrx.qa.testcases.BookingsPageTest" name="previousMonthTest" time="0.405"/>
  <testcase classname="com.idrx.qa.testcases.BookingsPageTest" name="currentMonthTest" time="0.355"/>
  <testcase classname="com.idrx.qa.testcases.BookingsPageTest" name="salesmanWisePendingBookingsTest" time="0.377"/>
</testsuite> <!-- com.idrx.qa.testcases.BookingsPageTest -->
