<?xml version="1.0" encoding="UTF-8"?>
<testsuite xmlns:xsi="http://www.w3.org/2001/XMLSchema-instance" xsi:noNamespaceSchemaLocation="https://maven.apache.org/surefire/maven-surefire-plugin/xsd/surefire-test-report.xsd" version="3.0.1" name="com.idrx.qa.testcases.BookingsPageTest" time="25.071" tests="6" errors="0" skipped="0" failures="0">
  <properties>
    <property name="java.specification.version" value="21"/>
    <property name="sun.cpu.isalist" value="amd64"/>
    <property name="sun.jnu.encoding" value="Cp1252"/>
    <property name="java.class.path" value="C:\Users\vimalnath.saminathan\Clarix_QAuto\Clarix_AutoMuruganamtham\IdrxAutomation\IdrxTest\target\test-classes;C:\Users\vimalnath.saminathan\Clarix_QAuto\Clarix_AutoMuruganamtham\IdrxAutomation\IdrxTest\target\classes;C:\Users\vimalnath.saminathan\.m2\repository\org\seleniumhq\selenium\selenium-java\4.32.0\selenium-java-4.32.0.jar;C:\Users\vimalnath.saminathan\.m2\repository\org\seleniumhq\selenium\selenium-api\4.32.0\selenium-api-4.32.0.jar;C:\Users\vimalnath.saminathan\.m2\repository\org\jspecify\jspecify\1.0.0\jspecify-1.0.0.jar;C:\Users\vimalnath.saminathan\.m2\repository\org\seleniumhq\selenium\selenium-chrome-driver\4.32.0\selenium-chrome-driver-4.32.0.jar;C:\Users\vimalnath.saminathan\.m2\repository\com\google\auto\service\auto-service-annotations\1.1.1\auto-service-annotations-1.1.1.jar;C:\Users\vimalnath.saminathan\.m2\repository\org\seleniumhq\selenium\selenium-chromium-driver\4.32.0\selenium-chromium-driver-4.32.0.jar;C:\Users\vimalnath.saminathan\.m2\repository\org\seleniumhq\selenium\selenium-json\4.32.0\selenium-json-4.32.0.jar;C:\Users\vimalnath.saminathan\.m2\repository\org\seleniumhq\selenium\selenium-manager\4.32.0\selenium-manager-4.32.0.jar;C:\Users\vimalnath.saminathan\.m2\repository\org\seleniumhq\selenium\selenium-devtools-v134\4.32.0\selenium-devtools-v134-4.32.0.jar;C:\Users\vimalnath.saminathan\.m2\repository\org\seleniumhq\selenium\selenium-devtools-v135\4.32.0\selenium-devtools-v135-4.32.0.jar;C:\Users\vimalnath.saminathan\.m2\repository\org\seleniumhq\selenium\selenium-devtools-v136\4.32.0\selenium-devtools-v136-4.32.0.jar;C:\Users\vimalnath.saminathan\.m2\repository\org\seleniumhq\selenium\selenium-edge-driver\4.32.0\selenium-edge-driver-4.32.0.jar;C:\Users\vimalnath.saminathan\.m2\repository\org\seleniumhq\selenium\selenium-firefox-driver\4.32.0\selenium-firefox-driver-4.32.0.jar;C:\Users\vimalnath.saminathan\.m2\repository\org\seleniumhq\selenium\selenium-http\4.32.0\selenium-http-4.32.0.jar;C:\Users\vimalnath.saminathan\.m2\repository\org\seleniumhq\selenium\selenium-ie-driver\4.32.0\selenium-ie-driver-4.32.0.jar;C:\Users\vimalnath.saminathan\.m2\repository\org\seleniumhq\selenium\selenium-remote-driver\4.32.0\selenium-remote-driver-4.32.0.jar;C:\Users\vimalnath.saminathan\.m2\repository\com\google\guava\guava\33.4.8-jre\guava-33.4.8-jre.jar;C:\Users\vimalnath.saminathan\.m2\repository\com\google\guava\failureaccess\1.0.3\failureaccess-1.0.3.jar;C:\Users\vimalnath.saminathan\.m2\repository\com\google\guava\listenablefuture\9999.0-empty-to-avoid-conflict-with-guava\listenablefuture-9999.0-empty-to-avoid-conflict-with-guava.jar;C:\Users\vimalnath.saminathan\.m2\repository\com\google\errorprone\error_prone_annotations\2.36.0\error_prone_annotations-2.36.0.jar;C:\Users\vimalnath.saminathan\.m2\repository\com\google\j2objc\j2objc-annotations\3.0.0\j2objc-annotations-3.0.0.jar;C:\Users\vimalnath.saminathan\.m2\repository\io\opentelemetry\opentelemetry-api\1.49.0\opentelemetry-api-1.49.0.jar;C:\Users\vimalnath.saminathan\.m2\repository\io\opentelemetry\opentelemetry-context\1.49.0\opentelemetry-context-1.49.0.jar;C:\Users\vimalnath.saminathan\.m2\repository\io\opentelemetry\opentelemetry-exporter-logging\1.49.0\opentelemetry-exporter-logging-1.49.0.jar;C:\Users\vimalnath.saminathan\.m2\repository\io\opentelemetry\opentelemetry-sdk-common\1.49.0\opentelemetry-sdk-common-1.49.0.jar;C:\Users\vimalnath.saminathan\.m2\repository\io\opentelemetry\opentelemetry-sdk-extension-autoconfigure-spi\1.49.0\opentelemetry-sdk-extension-autoconfigure-spi-1.49.0.jar;C:\Users\vimalnath.saminathan\.m2\repository\io\opentelemetry\opentelemetry-sdk-extension-autoconfigure\1.49.0\opentelemetry-sdk-extension-autoconfigure-1.49.0.jar;C:\Users\vimalnath.saminathan\.m2\repository\io\opentelemetry\opentelemetry-sdk-trace\1.49.0\opentelemetry-sdk-trace-1.49.0.jar;C:\Users\vimalnath.saminathan\.m2\repository\io\opentelemetry\opentelemetry-sdk\1.49.0\opentelemetry-sdk-1.49.0.jar;C:\Users\vimalnath.saminathan\.m2\repository\io\opentelemetry\opentelemetry-sdk-metrics\1.49.0\opentelemetry-sdk-metrics-1.49.0.jar;C:\Users\vimalnath.saminathan\.m2\repository\io\opentelemetry\opentelemetry-sdk-logs\1.49.0\opentelemetry-sdk-logs-1.49.0.jar;C:\Users\vimalnath.saminathan\.m2\repository\org\seleniumhq\selenium\selenium-os\4.32.0\selenium-os-4.32.0.jar;C:\Users\vimalnath.saminathan\.m2\repository\org\apache\commons\commons-exec\1.4.0\commons-exec-1.4.0.jar;C:\Users\vimalnath.saminathan\.m2\repository\org\seleniumhq\selenium\selenium-safari-driver\4.32.0\selenium-safari-driver-4.32.0.jar;C:\Users\vimalnath.saminathan\.m2\repository\org\seleniumhq\selenium\selenium-support\4.32.0\selenium-support-4.32.0.jar;C:\Users\vimalnath.saminathan\.m2\repository\org\testng\testng\7.11.0\testng-7.11.0.jar;C:\Users\vimalnath.saminathan\.m2\repository\org\slf4j\slf4j-api\2.0.16\slf4j-api-2.0.16.jar;C:\Users\vimalnath.saminathan\.m2\repository\org\jcommander\jcommander\1.83\jcommander-1.83.jar;C:\Users\vimalnath.saminathan\.m2\repository\org\webjars\jquery\3.7.1\jquery-3.7.1.jar;C:\Users\vimalnath.saminathan\.m2\repository\org\apache\poi\poi\3.11\poi-3.11.jar;C:\Users\vimalnath.saminathan\.m2\repository\commons-codec\commons-codec\1.9\commons-codec-1.9.jar;C:\Users\vimalnath.saminathan\.m2\repository\org\apache\poi\poi-ooxml-schemas\4.1.2\poi-ooxml-schemas-4.1.2.jar;C:\Users\vimalnath.saminathan\.m2\repository\org\apache\xmlbeans\xmlbeans\3.1.0\xmlbeans-3.1.0.jar;C:\Users\vimalnath.saminathan\.m2\repository\org\apache\poi\poi-ooxml\3.11\poi-ooxml-3.11.jar;C:\Users\vimalnath.saminathan\.m2\repository\commons-io\commons-io\2.19.0\commons-io-2.19.0.jar;C:\Users\vimalnath.saminathan\.m2\repository\org\apache\commons\commons-collections4\4.4\commons-collections4-4.4.jar;C:\Users\vimalnath.saminathan\.m2\repository\org\apache\poi\openxml4j\1.0-beta\openxml4j-1.0-beta.jar;C:\Users\vimalnath.saminathan\.m2\repository\dom4j\dom4j\1.6.1\dom4j-1.6.1.jar;C:\Users\vimalnath.saminathan\.m2\repository\xml-apis\xml-apis\1.0.b2\xml-apis-1.0.b2.jar;C:\Users\vimalnath.saminathan\.m2\repository\log4j\log4j\1.2.8\log4j-1.2.8.jar;C:\Users\vimalnath.saminathan\.m2\repository\org\apache\poi\poi-scratchpad\5.4.1\poi-scratchpad-5.4.1.jar;C:\Users\vimalnath.saminathan\.m2\repository\org\apache\commons\commons-math3\3.6.1\commons-math3-3.6.1.jar;C:\Users\vimalnath.saminathan\.m2\repository\org\apache\logging\log4j\log4j-core\2.24.3\log4j-core-2.24.3.jar;C:\Users\vimalnath.saminathan\.m2\repository\org\apache\logging\log4j\log4j-api\2.24.3\log4j-api-2.24.3.jar;C:\Users\vimalnath.saminathan\.m2\repository\com\relevantcodes\extentreports\2.41.2\extentreports-2.41.2.jar;C:\Users\vimalnath.saminathan\.m2\repository\org\jsoup\jsoup\1.8.3\jsoup-1.8.3.jar;C:\Users\vimalnath.saminathan\.m2\repository\org\xerial\sqlite-jdbc\3.8.11.1\sqlite-jdbc-3.8.11.1.jar;C:\Users\vimalnath.saminathan\.m2\repository\org\mongodb\mongodb-driver\3.0.4\mongodb-driver-3.0.4.jar;C:\Users\vimalnath.saminathan\.m2\repository\org\mongodb\bson\3.0.4\bson-3.0.4.jar;C:\Users\vimalnath.saminathan\.m2\repository\org\mongodb\mongodb-driver-core\3.0.4\mongodb-driver-core-3.0.4.jar;C:\Users\vimalnath.saminathan\.m2\repository\com\aventstack\extentreports\5.1.1\extentreports-5.1.1.jar;C:\Users\vimalnath.saminathan\.m2\repository\io\reactivex\rxjava3\rxjava\3.1.6\rxjava-3.1.6.jar;C:\Users\vimalnath.saminathan\.m2\repository\org\reactivestreams\reactive-streams\1.0.4\reactive-streams-1.0.4.jar;C:\Users\vimalnath.saminathan\.m2\repository\com\google\code\gson\gson\2.10.1\gson-2.10.1.jar;C:\Users\vimalnath.saminathan\.m2\repository\org\projectlombok\lombok\1.18.32\lombok-1.18.32.jar;C:\Users\vimalnath.saminathan\.m2\repository\com\mysql\mysql-connector-j\8.0.33\mysql-connector-j-8.0.33.jar;C:\Users\vimalnath.saminathan\.m2\repository\com\google\protobuf\protobuf-java\3.21.9\protobuf-java-3.21.9.jar;C:\Users\vimalnath.saminathan\.m2\repository\com\fasterxml\jackson\core\jackson-databind\2.17.0\jackson-databind-2.17.0.jar;C:\Users\vimalnath.saminathan\.m2\repository\com\fasterxml\jackson\core\jackson-annotations\2.17.0\jackson-annotations-2.17.0.jar;C:\Users\vimalnath.saminathan\.m2\repository\com\fasterxml\jackson\core\jackson-core\2.17.0\jackson-core-2.17.0.jar;C:\Users\vimalnath.saminathan\.m2\repository\net\bytebuddy\byte-buddy\1.14.9\byte-buddy-1.14.9.jar;C:\Users\vimalnath.saminathan\.m2\repository\org\postgresql\postgresql\42.7.3\postgresql-42.7.3.jar;C:\Users\vimalnath.saminathan\.m2\repository\org\checkerframework\checker-qual\3.42.0\checker-qual-3.42.0.jar;C:\Users\vimalnath.saminathan\.m2\repository\org\freemarker\freemarker\2.3.30\freemarker-2.3.30.jar;"/>
    <property name="java.vm.vendor" value="Oracle Corporation"/>
    <property name="sun.arch.data.model" value="64"/>
    <property name="user.variant" value=""/>
    <property name="java.vendor.url" value="https://java.oracle.com/"/>
    <property name="user.timezone" value="Asia/Calcutta"/>
    <property name="os.name" value="Windows 11"/>
    <property name="java.vm.specification.version" value="21"/>
    <property name="sun.java.launcher" value="SUN_STANDARD"/>
    <property name="user.country" value="IN"/>
    <property name="sun.boot.library.path" value="C:\Users\vimalnath.saminathan\Java 21\jdk-21.0.7\bin"/>
    <property name="sun.java.command" value="C:\Users\vimalnath.saminathan\AppData\Local\Temp\surefire7430449427529689469\surefirebooter-20250611154740138_3.jar C:\Users\vimalnath.saminathan\AppData\Local\Temp\surefire7430449427529689469 2025-06-11T15-47-39_970-jvmRun1 surefire-20250611154740138_1tmp surefire_0-20250611154740138_2tmp"/>
    <property name="jdk.debug" value="release"/>
    <property name="test" value="BookingsPageTest"/>
    <property name="surefire.test.class.path" value="C:\Users\vimalnath.saminathan\Clarix_QAuto\Clarix_AutoMuruganamtham\IdrxAutomation\IdrxTest\target\test-classes;C:\Users\vimalnath.saminathan\Clarix_QAuto\Clarix_AutoMuruganamtham\IdrxAutomation\IdrxTest\target\classes;C:\Users\vimalnath.saminathan\.m2\repository\org\seleniumhq\selenium\selenium-java\4.32.0\selenium-java-4.32.0.jar;C:\Users\vimalnath.saminathan\.m2\repository\org\seleniumhq\selenium\selenium-api\4.32.0\selenium-api-4.32.0.jar;C:\Users\vimalnath.saminathan\.m2\repository\org\jspecify\jspecify\1.0.0\jspecify-1.0.0.jar;C:\Users\vimalnath.saminathan\.m2\repository\org\seleniumhq\selenium\selenium-chrome-driver\4.32.0\selenium-chrome-driver-4.32.0.jar;C:\Users\vimalnath.saminathan\.m2\repository\com\google\auto\service\auto-service-annotations\1.1.1\auto-service-annotations-1.1.1.jar;C:\Users\vimalnath.saminathan\.m2\repository\org\seleniumhq\selenium\selenium-chromium-driver\4.32.0\selenium-chromium-driver-4.32.0.jar;C:\Users\vimalnath.saminathan\.m2\repository\org\seleniumhq\selenium\selenium-json\4.32.0\selenium-json-4.32.0.jar;C:\Users\vimalnath.saminathan\.m2\repository\org\seleniumhq\selenium\selenium-manager\4.32.0\selenium-manager-4.32.0.jar;C:\Users\vimalnath.saminathan\.m2\repository\org\seleniumhq\selenium\selenium-devtools-v134\4.32.0\selenium-devtools-v134-4.32.0.jar;C:\Users\vimalnath.saminathan\.m2\repository\org\seleniumhq\selenium\selenium-devtools-v135\4.32.0\selenium-devtools-v135-4.32.0.jar;C:\Users\vimalnath.saminathan\.m2\repository\org\seleniumhq\selenium\selenium-devtools-v136\4.32.0\selenium-devtools-v136-4.32.0.jar;C:\Users\vimalnath.saminathan\.m2\repository\org\seleniumhq\selenium\selenium-edge-driver\4.32.0\selenium-edge-driver-4.32.0.jar;C:\Users\vimalnath.saminathan\.m2\repository\org\seleniumhq\selenium\selenium-firefox-driver\4.32.0\selenium-firefox-driver-4.32.0.jar;C:\Users\vimalnath.saminathan\.m2\repository\org\seleniumhq\selenium\selenium-http\4.32.0\selenium-http-4.32.0.jar;C:\Users\vimalnath.saminathan\.m2\repository\org\seleniumhq\selenium\selenium-ie-driver\4.32.0\selenium-ie-driver-4.32.0.jar;C:\Users\vimalnath.saminathan\.m2\repository\org\seleniumhq\selenium\selenium-remote-driver\4.32.0\selenium-remote-driver-4.32.0.jar;C:\Users\vimalnath.saminathan\.m2\repository\com\google\guava\guava\33.4.8-jre\guava-33.4.8-jre.jar;C:\Users\vimalnath.saminathan\.m2\repository\com\google\guava\failureaccess\1.0.3\failureaccess-1.0.3.jar;C:\Users\vimalnath.saminathan\.m2\repository\com\google\guava\listenablefuture\9999.0-empty-to-avoid-conflict-with-guava\listenablefuture-9999.0-empty-to-avoid-conflict-with-guava.jar;C:\Users\vimalnath.saminathan\.m2\repository\com\google\errorprone\error_prone_annotations\2.36.0\error_prone_annotations-2.36.0.jar;C:\Users\vimalnath.saminathan\.m2\repository\com\google\j2objc\j2objc-annotations\3.0.0\j2objc-annotations-3.0.0.jar;C:\Users\vimalnath.saminathan\.m2\repository\io\opentelemetry\opentelemetry-api\1.49.0\opentelemetry-api-1.49.0.jar;C:\Users\vimalnath.saminathan\.m2\repository\io\opentelemetry\opentelemetry-context\1.49.0\opentelemetry-context-1.49.0.jar;C:\Users\vimalnath.saminathan\.m2\repository\io\opentelemetry\opentelemetry-exporter-logging\1.49.0\opentelemetry-exporter-logging-1.49.0.jar;C:\Users\vimalnath.saminathan\.m2\repository\io\opentelemetry\opentelemetry-sdk-common\1.49.0\opentelemetry-sdk-common-1.49.0.jar;C:\Users\vimalnath.saminathan\.m2\repository\io\opentelemetry\opentelemetry-sdk-extension-autoconfigure-spi\1.49.0\opentelemetry-sdk-extension-autoconfigure-spi-1.49.0.jar;C:\Users\vimalnath.saminathan\.m2\repository\io\opentelemetry\opentelemetry-sdk-extension-autoconfigure\1.49.0\opentelemetry-sdk-extension-autoconfigure-1.49.0.jar;C:\Users\vimalnath.saminathan\.m2\repository\io\opentelemetry\opentelemetry-sdk-trace\1.49.0\opentelemetry-sdk-trace-1.49.0.jar;C:\Users\vimalnath.saminathan\.m2\repository\io\opentelemetry\opentelemetry-sdk\1.49.0\opentelemetry-sdk-1.49.0.jar;C:\Users\vimalnath.saminathan\.m2\repository\io\opentelemetry\opentelemetry-sdk-metrics\1.49.0\opentelemetry-sdk-metrics-1.49.0.jar;C:\Users\vimalnath.saminathan\.m2\repository\io\opentelemetry\opentelemetry-sdk-logs\1.49.0\opentelemetry-sdk-logs-1.49.0.jar;C:\Users\vimalnath.saminathan\.m2\repository\org\seleniumhq\selenium\selenium-os\4.32.0\selenium-os-4.32.0.jar;C:\Users\vimalnath.saminathan\.m2\repository\org\apache\commons\commons-exec\1.4.0\commons-exec-1.4.0.jar;C:\Users\vimalnath.saminathan\.m2\repository\org\seleniumhq\selenium\selenium-safari-driver\4.32.0\selenium-safari-driver-4.32.0.jar;C:\Users\vimalnath.saminathan\.m2\repository\org\seleniumhq\selenium\selenium-support\4.32.0\selenium-support-4.32.0.jar;C:\Users\vimalnath.saminathan\.m2\repository\org\testng\testng\7.11.0\testng-7.11.0.jar;C:\Users\vimalnath.saminathan\.m2\repository\org\slf4j\slf4j-api\2.0.16\slf4j-api-2.0.16.jar;C:\Users\vimalnath.saminathan\.m2\repository\org\jcommander\jcommander\1.83\jcommander-1.83.jar;C:\Users\vimalnath.saminathan\.m2\repository\org\webjars\jquery\3.7.1\jquery-3.7.1.jar;C:\Users\vimalnath.saminathan\.m2\repository\org\apache\poi\poi\3.11\poi-3.11.jar;C:\Users\vimalnath.saminathan\.m2\repository\commons-codec\commons-codec\1.9\commons-codec-1.9.jar;C:\Users\vimalnath.saminathan\.m2\repository\org\apache\poi\poi-ooxml-schemas\4.1.2\poi-ooxml-schemas-4.1.2.jar;C:\Users\vimalnath.saminathan\.m2\repository\org\apache\xmlbeans\xmlbeans\3.1.0\xmlbeans-3.1.0.jar;C:\Users\vimalnath.saminathan\.m2\repository\org\apache\poi\poi-ooxml\3.11\poi-ooxml-3.11.jar;C:\Users\vimalnath.saminathan\.m2\repository\commons-io\commons-io\2.19.0\commons-io-2.19.0.jar;C:\Users\vimalnath.saminathan\.m2\repository\org\apache\commons\commons-collections4\4.4\commons-collections4-4.4.jar;C:\Users\vimalnath.saminathan\.m2\repository\org\apache\poi\openxml4j\1.0-beta\openxml4j-1.0-beta.jar;C:\Users\vimalnath.saminathan\.m2\repository\dom4j\dom4j\1.6.1\dom4j-1.6.1.jar;C:\Users\vimalnath.saminathan\.m2\repository\xml-apis\xml-apis\1.0.b2\xml-apis-1.0.b2.jar;C:\Users\vimalnath.saminathan\.m2\repository\log4j\log4j\1.2.8\log4j-1.2.8.jar;C:\Users\vimalnath.saminathan\.m2\repository\org\apache\poi\poi-scratchpad\5.4.1\poi-scratchpad-5.4.1.jar;C:\Users\vimalnath.saminathan\.m2\repository\org\apache\commons\commons-math3\3.6.1\commons-math3-3.6.1.jar;C:\Users\vimalnath.saminathan\.m2\repository\org\apache\logging\log4j\log4j-core\2.24.3\log4j-core-2.24.3.jar;C:\Users\vimalnath.saminathan\.m2\repository\org\apache\logging\log4j\log4j-api\2.24.3\log4j-api-2.24.3.jar;C:\Users\vimalnath.saminathan\.m2\repository\com\relevantcodes\extentreports\2.41.2\extentreports-2.41.2.jar;C:\Users\vimalnath.saminathan\.m2\repository\org\jsoup\jsoup\1.8.3\jsoup-1.8.3.jar;C:\Users\vimalnath.saminathan\.m2\repository\org\xerial\sqlite-jdbc\3.8.11.1\sqlite-jdbc-3.8.11.1.jar;C:\Users\vimalnath.saminathan\.m2\repository\org\mongodb\mongodb-driver\3.0.4\mongodb-driver-3.0.4.jar;C:\Users\vimalnath.saminathan\.m2\repository\org\mongodb\bson\3.0.4\bson-3.0.4.jar;C:\Users\vimalnath.saminathan\.m2\repository\org\mongodb\mongodb-driver-core\3.0.4\mongodb-driver-core-3.0.4.jar;C:\Users\vimalnath.saminathan\.m2\repository\com\aventstack\extentreports\5.1.1\extentreports-5.1.1.jar;C:\Users\vimalnath.saminathan\.m2\repository\io\reactivex\rxjava3\rxjava\3.1.6\rxjava-3.1.6.jar;C:\Users\vimalnath.saminathan\.m2\repository\org\reactivestreams\reactive-streams\1.0.4\reactive-streams-1.0.4.jar;C:\Users\vimalnath.saminathan\.m2\repository\com\google\code\gson\gson\2.10.1\gson-2.10.1.jar;C:\Users\vimalnath.saminathan\.m2\repository\org\projectlombok\lombok\1.18.32\lombok-1.18.32.jar;C:\Users\vimalnath.saminathan\.m2\repository\com\mysql\mysql-connector-j\8.0.33\mysql-connector-j-8.0.33.jar;C:\Users\vimalnath.saminathan\.m2\repository\com\google\protobuf\protobuf-java\3.21.9\protobuf-java-3.21.9.jar;C:\Users\vimalnath.saminathan\.m2\repository\com\fasterxml\jackson\core\jackson-databind\2.17.0\jackson-databind-2.17.0.jar;C:\Users\vimalnath.saminathan\.m2\repository\com\fasterxml\jackson\core\jackson-annotations\2.17.0\jackson-annotations-2.17.0.jar;C:\Users\vimalnath.saminathan\.m2\repository\com\fasterxml\jackson\core\jackson-core\2.17.0\jackson-core-2.17.0.jar;C:\Users\vimalnath.saminathan\.m2\repository\net\bytebuddy\byte-buddy\1.14.9\byte-buddy-1.14.9.jar;C:\Users\vimalnath.saminathan\.m2\repository\org\postgresql\postgresql\42.7.3\postgresql-42.7.3.jar;C:\Users\vimalnath.saminathan\.m2\repository\org\checkerframework\checker-qual\3.42.0\checker-qual-3.42.0.jar;C:\Users\vimalnath.saminathan\.m2\repository\org\freemarker\freemarker\2.3.30\freemarker-2.3.30.jar;"/>
    <property name="sun.cpu.endian" value="little"/>
    <property name="user.home" value="C:\Users\vimalnath.saminathan"/>
    <property name="user.language" value="en"/>
    <property name="java.specification.vendor" value="Oracle Corporation"/>
    <property name="java.version.date" value="2025-04-15"/>
    <property name="java.home" value="C:\Users\vimalnath.saminathan\Java 21\jdk-21.0.7"/>
    <property name="file.separator" value="\"/>
    <property name="basedir" value="C:\Users\vimalnath.saminathan\Clarix_QAuto\Clarix_AutoMuruganamtham\IdrxAutomation\IdrxTest"/>
    <property name="java.vm.compressedOopsMode" value="Zero based"/>
    <property name="line.separator" value="&#10;"/>
    <property name="java.vm.specification.vendor" value="Oracle Corporation"/>
    <property name="java.specification.name" value="Java Platform API Specification"/>
    <property name="surefire.real.class.path" value="C:\Users\vimalnath.saminathan\AppData\Local\Temp\surefire7430449427529689469\surefirebooter-20250611154740138_3.jar"/>
    <property name="user.script" value=""/>
    <property name="sun.management.compiler" value="HotSpot 64-Bit Tiered Compilers"/>
    <property name="java.runtime.version" value="21.0.7+8-LTS-245"/>
    <property name="user.name" value="vimalnath.saminathan"/>
    <property name="stdout.encoding" value="Cp1252"/>
    <property name="path.separator" value=";"/>
    <property name="os.version" value="10.0"/>
    <property name="java.runtime.name" value="Java(TM) SE Runtime Environment"/>
    <property name="file.encoding" value="UTF-8"/>
    <property name="java.vm.name" value="Java HotSpot(TM) 64-Bit Server VM"/>
    <property name="localRepository" value="C:\Users\vimalnath.saminathan\.m2\repository"/>
    <property name="java.vendor.url.bug" value="https://bugreport.java.com/bugreport/"/>
    <property name="java.io.tmpdir" value="C:\Users\VIMALN~1.SAM\AppData\Local\Temp\"/>
    <property name="java.version" value="21.0.7"/>
    <property name="user.dir" value="C:\Users\vimalnath.saminathan\Clarix_QAuto\Clarix_AutoMuruganamtham\IdrxAutomation\IdrxTest"/>
    <property name="os.arch" value="amd64"/>
    <property name="java.vm.specification.name" value="Java Virtual Machine Specification"/>
    <property name="sun.os.patch.level" value=""/>
    <property name="native.encoding" value="Cp1252"/>
    <property name="java.library.path" value="C:\Users\vimalnath.saminathan\Java 21\jdk-21.0.7\bin;C:\WINDOWS\Sun\Java\bin;C:\WINDOWS\system32;C:\WINDOWS;C:\WINDOWS\system32;C:\WINDOWS;C:\WINDOWS\System32\Wbem;C:\WINDOWS\System32\WindowsPowerShell\v1.0\;C:\WINDOWS\System32\OpenSSH\;C:\Program Files\dotnet\;C:\Program Files\Docker\Docker\resources\bin;C:\Program Files\nodejs\;C:\Users\vimalnath.saminathan\AppData\Local\Microsoft\WindowsApps;C:\Users\vimalnath.saminathan\AppData\Local\GitHubDesktop\bin;C:\Users\vimalnath.saminathan\AppData\Local\Programs\Git\cmd;C:\Users\vimalnath.saminathan\AppData\Roaming\npm;C:\Users\vimalnath.saminathan\AppData\Local\Programs\Microsoft VS Code\bin;C:\Users\vimalnath.saminathan\AppData\Local\Programs\cursor\resources\app\bin;C:\Users\vimalnath.saminathan\Apache_Maven\apache-maven-3.9.9\bin;C:\Users\vimalnath.saminathan\Java 21\jdk-21.0.7\bin;;."/>
    <property name="java.vm.info" value="mixed mode, sharing"/>
    <property name="stderr.encoding" value="Cp1252"/>
    <property name="java.vendor" value="Oracle Corporation"/>
    <property name="java.vm.version" value="21.0.7+8-LTS-245"/>
    <property name="sun.io.unicode.encoding" value="UnicodeLittle"/>
    <property name="java.class.version" value="65.0"/>
  </properties>
  <testcase name="bookingYesterdayTest" classname="com.idrx.qa.testcases.BookingsPageTest" time="1.375">
    <system-out><![CDATA[15:47:43 INFO  [main] com.idrx.qa.util.TestUtil - 🌐 Launching URL: https://sks.clarix.in/home
15:47:44 INFO  [main] com.idrx.qa.util.TestUtil - ✅ URL launched successfully
15:47:44 INFO  [main] com.idrx.qa.util.TestUtil - Entering Value in Username Field → 'admin'
15:47:44 INFO  [main] com.idrx.qa.util.TestUtil - ✅ Entered Value successfully in: Username Field
15:47:44 INFO  [main] com.idrx.qa.util.TestUtil - Entering Value in Password Field → 'admin'
15:47:45 INFO  [main] com.idrx.qa.util.TestUtil - ✅ Entered Value successfully in: Password Field
15:47:45 INFO  [main] com.idrx.qa.util.TestUtil - Clicking on: Submit Button
15:47:45 INFO  [main] com.idrx.qa.util.TestUtil - ✅ Clicked successfully on: Submit Button
--------Bookings/No of Bookings Yesterday--------
15:48:03 INFO  [main] com.idrx.qa.util.TestUtil - Asserting values. Expected: [13], Actual: [13]
15:48:03 INFO  [main] com.idrx.qa.util.TestUtil - Assertion passed: No of  Bookings Yesterday
]]></system-out>
    <system-err><![CDATA[SLF4J(W): No SLF4J providers were found.
SLF4J(W): Defaulting to no-operation (NOP) logger implementation
SLF4J(W): See https://www.slf4j.org/codes.html#noProviders for further details.
Jun 11, 2025 3:47:43 PM org.openqa.selenium.devtools.CdpVersionFinder findNearestMatch
WARNING: Unable to find an exact match for CDP version 137, returning the closest version; found: 136; Please update to a Selenium version that supports CDP version 137
]]></system-err>
  </testcase>
  <testcase name="bookingThisMonthTest" classname="com.idrx.qa.testcases.BookingsPageTest" time="0.276">
    <system-out><![CDATA[--------Bookings/No of Bookings This Month--------
15:48:03 INFO  [main] com.idrx.qa.util.TestUtil - Asserting values. Expected: [59], Actual: [59]
15:48:03 INFO  [main] com.idrx.qa.util.TestUtil - Assertion passed: No of  Bookings This Month
]]></system-out>
  </testcase>
  <testcase name="pendingBookingsTest" classname="com.idrx.qa.testcases.BookingsPageTest" time="0.345">
    <system-out><![CDATA[--------Bookings/Pending Bookings--------
15:48:03 INFO  [main] com.idrx.qa.util.TestUtil - Asserting values. Expected: [667], Actual: [667]
15:48:03 INFO  [main] com.idrx.qa.util.TestUtil - Assertion passed: No of  Pending Bookings
]]></system-out>
  </testcase>
  <testcase name="previousMonthTest" classname="com.idrx.qa.testcases.BookingsPageTest" time="0.28">
    <system-out><![CDATA[--------Bookings/Previous Month--------
15:48:04 INFO  [main] com.idrx.qa.util.TestUtil - Asserting values. Expected: [185], Actual: [185]
15:48:04 INFO  [main] com.idrx.qa.util.TestUtil - Assertion passed: No of  Previous Month
]]></system-out>
  </testcase>
  <testcase name="currentMonthTest" classname="com.idrx.qa.testcases.BookingsPageTest" time="0.25">
    <system-out><![CDATA[--------Bookings/Current Month--------
15:48:04 INFO  [main] com.idrx.qa.util.TestUtil - Asserting values. Expected: [59], Actual: [59]
15:48:04 INFO  [main] com.idrx.qa.util.TestUtil - Assertion passed: No of  Current Month
]]></system-out>
  </testcase>
  <testcase name="salesmanWisePendingBookingsTest" classname="com.idrx.qa.testcases.BookingsPageTest" time="0.267">
    <system-out><![CDATA[--------Bookings/Salesman Wise Pending Bookings--------
15:48:04 INFO  [main] com.idrx.qa.util.TestUtil - Asserting values. Expected: [667], Actual: [667]
15:48:04 INFO  [main] com.idrx.qa.util.TestUtil - Assertion passed: No of  Salesman Wise Pending Bookings
]]></system-out>
  </testcase>
</testsuite>