<?xml version="1.0" encoding="UTF-8"?>
<!-- Generated by org.testng.reporters.JUnitReportReporter -->
<testsuite hostname="I22172" failures="0" tests="6" name="com.idrx.qa.testcases.ServiceUnitsTest" time="5.823" errors="0" timestamp="2025-06-13T15:24:25 IST" skipped="0">
  <testcase classname="com.idrx.qa.testcases.ServiceUnitsTest" name="noOfVehicleInflowTest" time="3.848"/>
  <testcase classname="com.idrx.qa.testcases.ServiceUnitsTest" name="noOfVehicleOutflowTest" time="0.382"/>
  <testcase classname="com.idrx.qa.testcases.ServiceUnitsTest" name="noOfVehicleInflowYesterdayTest" time="0.483"/>
  <testcase classname="com.idrx.qa.testcases.ServiceUnitsTest" name="noOfVehicleOutflowYesterdayTest" time="0.353"/>
  <testcase classname="com.idrx.qa.testcases.ServiceUnitsTest" name="noOfVehicleOutflowCurrentMonthTest" time="0.336"/>
  <testcase classname="com.idrx.qa.testcases.ServiceUnitsTest" name="noOfVehicleOutflowLastMonthTest" time="0.421"/>
</testsuite> <!-- com.idrx.qa.testcases.ServiceUnitsTest -->
